Running in directory: /cephfs/home/lc865/workspace/similar-expressions/src/SR_benchmarking
wandb: Creating sweep from: sweeps/config.yaml
wandb: Creating sweep with ID: 2abbpnu7
wandb: View sweep at: https://wandb.ai/luis-carretero-eth-zurich/similar-expressions-src_SR_benchmarking_sweeps/sweeps/2abbpnu7
wandb: Run sweep agent with: wandb agent luis-carretero-eth-zurich/similar-expressions-src_SR_benchmarking_sweeps/2abbpnu7

Extracted sweep ID: luis-carretero-eth-zurich/similar-expressions-src_SR_benchmarking_sweeps/2abbpnu7
Using sweep ID: luis-carretero-eth-zurich/similar-expressions-src_SR_benchmarking_sweeps/2abbpnu7
wandb: Starting wandb agent 🕵️
2025-05-06 17:27:54,017 - wandb.wandb_agent - INFO - Running runs: []
2025-05-06 17:27:54,313 - wandb.wandb_agent - INFO - Agent received command: run
2025-05-06 17:27:54,313 - wandb.wandb_agent - INFO - Agent starting run with config:
	mutation_weights.weight_add_node: 0.39524890710650207
	mutation_weights.weight_delete_node: 0.9856358076786014
	mutation_weights.weight_do_nothing: 0.273169512285764
	mutation_weights.weight_insert_node: 0.2605913384751626
	mutation_weights.weight_mutate_constant: 0.2247220208639793
	mutation_weights.weight_mutate_operator: 0.16099046714851573
	mutation_weights.weight_neural_mutate_tree: 0.6696101170525054
	mutation_weights.weight_optimize: 0.38076262905030345
	mutation_weights.weight_randomize: 0.658916596048493
	mutation_weights.weight_rotate_tree: 0.3905816054435911
	mutation_weights.weight_simplify: 0.9798881505133524
	mutation_weights.weight_swap_operands: 0.3138208037823814
2025-05-06 17:27:54,317 - wandb.wandb_agent - INFO - About to run command: /usr/bin/env python sweeps/single_run.py --mutation_weights.weight_add_node=0.39524890710650207 --mutation_weights.weight_delete_node=0.9856358076786014 --mutation_weights.weight_do_nothing=0.273169512285764 --mutation_weights.weight_insert_node=0.2605913384751626 --mutation_weights.weight_mutate_constant=0.2247220208639793 --mutation_weights.weight_mutate_operator=0.16099046714851573 --mutation_weights.weight_neural_mutate_tree=0.6696101170525054 --mutation_weights.weight_optimize=0.38076262905030345 --mutation_weights.weight_randomize=0.658916596048493 --mutation_weights.weight_rotate_tree=0.3905816054435911 --mutation_weights.weight_simplify=0.9798881505133524 --mutation_weights.weight_swap_operands=0.3138208037823814
2025-05-06 17:27:59,333 - wandb.wandb_agent - INFO - Running runs: ['gomc9o1z']
wandb: Currently logged in as: luis-carretero (luis-carretero-eth-zurich). Use `wandb login --relogin` to force relogin
wandb: Tracking run with wandb version 0.18.3
wandb: Run data is saved locally in /cephfs/store/gr-mc2473/lc865/workspace/benchmark_data/optim_sweep_1/wandb/run-20250506_172807-gomc9o1z
wandb: Run `wandb offline` to turn off syncing.
wandb: Syncing run chocolate-sweep-1
wandb: ⭐️ View project at https://wandb.ai/luis-carretero-eth-zurich/similar-expressions-src_SR_benchmarking_sweeps
wandb: 🧹 View sweep at https://wandb.ai/luis-carretero-eth-zurich/similar-expressions-src_SR_benchmarking_sweeps/sweeps/2abbpnu7
wandb: 🚀 View run at https://wandb.ai/luis-carretero-eth-zurich/similar-expressions-src_SR_benchmarking_sweeps/runs/gomc9o1z
[1;31m2025-05-06 17:28:23.638836372 [E:onnxruntime:defaultenv, env.cc:234 ThreadMain] pthread_setaffinity_np failed for thread: 2756416, index: 0, mask: {1, }, error code: 22 error msg: Invalid argument. Specify the number of threads explicitly so the affinity is not set.[m
[1;31m2025-05-06 17:28:23.639408927 [E:onnxruntime:defaultenv, env.cc:234 ThreadMain] pthread_setaffinity_np failed for thread: 2756422, index: 6, mask: {19, }, error code: 22 error msg: Invalid argument. Specify the number of threads explicitly so the affinity is not set.[m
[1;31m2025-05-06 17:28:23.654122436 [E:onnxruntime:defaultenv, env.cc:234 ThreadMain] pthread_setaffinity_np failed for thread: 2756424, index: 8, mask: {21, }, error code: 22 error msg: Invalid argument. Specify the number of threads explicitly so the affinity is not set.[m
[1;31m2025-05-06 17:28:23.654138500 [E:onnxruntime:defaultenv, env.cc:234 ThreadMain] pthread_setaffinity_np failed for thread: 2756425, index: 9, mask: {22, }, error code: 22 error msg: Invalid argument. Specify the number of threads explicitly so the affinity is not set.[m
[1;31m2025-05-06 17:28:23.654214414 [E:onnxruntime:defaultenv, env.cc:234 ThreadMain] pthread_setaffinity_np failed for thread: 2756423, index: 7, mask: {20, }, error code: 22 error msg: Invalid argument. Specify the number of threads explicitly so the affinity is not set.[m
[1;31m2025-05-06 17:28:23.654341964 [E:onnxruntime:defaultenv, env.cc:234 ThreadMain] pthread_setaffinity_np failed for thread: 2756421, index: 5, mask: {18, }, error code: 22 error msg: Invalid argument. Specify the number of threads explicitly so the affinity is not set.[m
[1;31m2025-05-06 17:28:23.665714022 [E:onnxruntime:defaultenv, env.cc:234 ThreadMain] pthread_setaffinity_np failed for thread: 2756426, index: 10, mask: {23, }, error code: 22 error msg: Invalid argument. Specify the number of threads explicitly so the affinity is not set.[m
[1;31m2025-05-06 17:28:23.678878066 [E:onnxruntime:defaultenv, env.cc:234 ThreadMain] pthread_setaffinity_np failed for thread: 2756445, index: 29, mask: {42, }, error code: 22 error msg: Invalid argument. Specify the number of threads explicitly so the affinity is not set.[m
[1;31m2025-05-06 17:28:23.690497504 [E:onnxruntime:defaultenv, env.cc:234 ThreadMain] pthread_setaffinity_np failed for thread: 2756446, index: 30, mask: {43, }, error code: 22 error msg: Invalid argument. Specify the number of threads explicitly so the affinity is not set.[m
[1;31m2025-05-06 17:28:23.691377228 [E:onnxruntime:defaultenv, env.cc:234 ThreadMain] pthread_setaffinity_np failed for thread: 2756438, index: 22, mask: {17, }, error code: 22 error msg: Invalid argument. Specify the number of threads explicitly so the affinity is not set.[m
[1;31m2025-05-06 17:28:23.706336704 [E:onnxruntime:defaultenv, env.cc:234 ThreadMain] pthread_setaffinity_np failed for thread: 2756447, index: 31, mask: {44, }, error code: 22 error msg: Invalid argument. Specify the number of threads explicitly so the affinity is not set.[m
[1;31m2025-05-06 17:28:23.708433516 [E:onnxruntime:defaultenv, env.cc:234 ThreadMain] pthread_setaffinity_np failed for thread: 2756448, index: 32, mask: {45, }, error code: 22 error msg: Invalid argument. Specify the number of threads explicitly so the affinity is not set.[m
[1;31m2025-05-06 17:28:23.709182295 [E:onnxruntime:defaultenv, env.cc:234 ThreadMain] pthread_setaffinity_np failed for thread: 2756449, index: 33, mask: {46, }, error code: 22 error msg: Invalid argument. Specify the number of threads explicitly so the affinity is not set.[m
[1;31m2025-05-06 17:28:23.713706383 [E:onnxruntime:defaultenv, env.cc:234 ThreadMain] pthread_setaffinity_np failed for thread: 2756450, index: 34, mask: {47, }, error code: 22 error msg: Invalid argument. Specify the number of threads explicitly so the affinity is not set.[m
[1;31m2025-05-06 17:28:23.720565860 [E:onnxruntime:defaultenv, env.cc:234 ThreadMain] pthread_setaffinity_np failed for thread: 2756461, index: 45, mask: {40, }, error code: 22 error msg: Invalid argument. Specify the number of threads explicitly so the affinity is not set.[m
[1;31m2025-05-06 17:28:23.734295619 [E:onnxruntime:defaultenv, env.cc:234 ThreadMain] pthread_setaffinity_np failed for thread: 2756462, index: 46, mask: {41, }, error code: 22 error msg: Invalid argument. Specify the number of threads explicitly so the affinity is not set.[m
[0;93m2025-05-06 17:28:24.045839364 [W:onnxruntime:, transformer_memcpy.cc:74 ApplyImpl] 2 Memcpy nodes are added to the graph main_graph for CUDAExecutionProvider. It might have negative impact on performance (including unable to run CUDA graph). Set session_options.log_severity_level=1 to see the detail logs before this message.[m
[0;93m2025-05-06 17:28:24.046695193 [W:onnxruntime:, session_state.cc:1168 VerifyEachNodeIsAssignedToAnEp] Some nodes were not assigned to the preferred execution providers which may or may not have an negative impact on performance. e.g. ORT explicitly assigns shape related ops to CPU to improve perf.[m
[0;93m2025-05-06 17:28:24.046723725 [W:onnxruntime:, session_state.cc:1170 VerifyEachNodeIsAssignedToAnEp] Rerunning with verbose output on a non-minimal build will show node assignments.[m
slurmstepd: error: *** JOB 5136 ON sw-ada01 CANCELLED AT 2025-05-06T17:29:19 ***
