Running in directory: /mhome/damtp/q/lc865/workspace/slurm
Executing command: srun python test_slurm_envs.py
SLURM_JOB_ID: 728235
SLURM_JOBID: 728235
SLURM_SUBMIT_DIR: /mhome/damtp/q/lc865/workspace/slurm
SLURM_SUBMIT_HOST: beehive.maths.cam.ac.uk
SLURM_JOB_NODELIST: sw-ada01
SLURM_NODELIST: sw-ada01
SLURM_CPUS_PER_TASK: 1
SLURM_CPUS_ON_NODE: 4
SLURM_JOB_CPUS_PER_NODE: 4
SLURM_CPUS_PER_GPU: Does not exist
SLURM_MEM_PER_CPU: 16384
SLURM_MEM_PER_GPU: Does not exist
SLURM_MEM_PER_NODE: Does not exist
SLURM_GPUS: Does not exist
SLURM_NTASKS: 4
SLURM_NTASKS_PER_NODE: 4
SLURM_NTASKS_PER_SOCKET: Does not exist
SLURM_NTASKS_PER_CORE: Does not exist
SLURM_NTASKS_PER_GPU: Does not exist
SLURM_NPROCS: 4
SLURM_NNODES: 1
SLURM_TASKS_PER_NODE: 4
SLURM_ARRAY_JOB_ID: Does not exist
SLURM_ARRAY_TASK_ID: Does not exist
SLURM_ARRAY_TASK_COUNT: Does not exist
SLURM_ARRAY_TASK_MAX: Does not exist
SLURM_ARRAY_TASK_MIN: Does not exist
SLURM_JOB_ID: 728235
SLURM_JOBID: 728235
SLURM_SUBMIT_DIR: /mhome/damtp/q/lc865/workspace/slurm
SLURM_SUBMIT_HOST: beehive.maths.cam.ac.uk
SLURM_JOB_NODELIST: sw-ada01
SLURM_NODELIST: sw-ada01
SLURM_CPUS_PER_TASK: 1
SLURM_CPUS_ON_NODE: 4
SLURM_JOB_CPUS_PER_NODE: 4
SLURM_CPUS_PER_GPU: Does not exist
SLURM_MEM_PER_CPU: 16384
SLURM_MEM_PER_GPU: Does not exist
SLURM_MEM_PER_NODE: Does not exist
SLURM_GPUS: Does not exist
SLURM_NTASKS: 4
SLURM_NTASKS_PER_NODE: 4
SLURM_NTASKS_PER_SOCKET: Does not exist
SLURM_NTASKS_PER_CORE: Does not exist
SLURM_NTASKS_PER_GPU: Does not exist
SLURM_NPROCS: 4
SLURM_NNODES: 1
SLURM_TASKS_PER_NODE: 4
SLURM_ARRAY_JOB_ID: Does not exist
SLURM_ARRAY_TASK_ID: Does not exist
SLURM_ARRAY_TASK_COUNT: Does not exist
SLURM_ARRAY_TASK_MAX: Does not exist
SLURM_ARRAY_TASK_MIN: Does not exist
SLURM_JOB_ID: 728235
SLURM_JOBID: 728235
SLURM_SUBMIT_DIR: /mhome/damtp/q/lc865/workspace/slurm
SLURM_SUBMIT_HOST: beehive.maths.cam.ac.uk
SLURM_JOB_NODELIST: sw-ada01
SLURM_NODELIST: sw-ada01
SLURM_CPUS_PER_TASK: 1
SLURM_CPUS_ON_NODE: 4
SLURM_JOB_CPUS_PER_NODE: 4
SLURM_CPUS_PER_GPU: Does not exist
SLURM_MEM_PER_CPU: 16384
SLURM_MEM_PER_GPU: Does not exist
SLURM_MEM_PER_NODE: Does not exist
SLURM_GPUS: Does not exist
SLURM_NTASKS: 4
SLURM_NTASKS_PER_NODE: 4
SLURM_NTASKS_PER_SOCKET: Does not exist
SLURM_NTASKS_PER_CORE: Does not exist
SLURM_NTASKS_PER_GPU: Does not exist
SLURM_NPROCS: 4
SLURM_NNODES: 1
SLURM_TASKS_PER_NODE: 4
SLURM_ARRAY_JOB_ID: Does not exist
SLURM_ARRAY_TASK_ID: Does not exist
SLURM_ARRAY_TASK_COUNT: Does not exist
SLURM_ARRAY_TASK_MAX: Does not exist
SLURM_ARRAY_TASK_MIN: Does not exist
SLURM_JOB_ID: 728235
SLURM_JOBID: 728235
SLURM_SUBMIT_DIR: /mhome/damtp/q/lc865/workspace/slurm
SLURM_SUBMIT_HOST: beehive.maths.cam.ac.uk
SLURM_JOB_NODELIST: sw-ada01
SLURM_NODELIST: sw-ada01
SLURM_CPUS_PER_TASK: 1
SLURM_CPUS_ON_NODE: 4
SLURM_JOB_CPUS_PER_NODE: 4
SLURM_CPUS_PER_GPU: Does not exist
SLURM_MEM_PER_CPU: 16384
SLURM_MEM_PER_GPU: Does not exist
SLURM_MEM_PER_NODE: Does not exist
SLURM_GPUS: Does not exist
SLURM_NTASKS: 4
SLURM_NTASKS_PER_NODE: 4
SLURM_NTASKS_PER_SOCKET: Does not exist
SLURM_NTASKS_PER_CORE: Does not exist
SLURM_NTASKS_PER_GPU: Does not exist
SLURM_NPROCS: 4
SLURM_NNODES: 1
SLURM_TASKS_PER_NODE: 4
SLURM_ARRAY_JOB_ID: Does not exist
SLURM_ARRAY_TASK_ID: Does not exist
SLURM_ARRAY_TASK_COUNT: Does not exist
SLURM_ARRAY_TASK_MAX: Does not exist
SLURM_ARRAY_TASK_MIN: Does not exist
